<?xml version="1.0" encoding="UTF-8"?>
<!-- Generated by org.testng.reporters.JUnitReportReporter -->
<testsuite hostname="ZSCHN01LP0399" failures="0" tests="1" name="src.src.TestOne" time="314.697" errors="0" timestamp="2023-03-21T12:19:26 IST" skipped="0">
  <testcase classname="src.src.TestOne" name="Testing" time="314.697"/>
  <system-out>
    <![CDATA[STEP1]]>
  </system-out>
</testsuite> <!-- src.src.TestOne -->
