<?xml version="1.0" encoding="UTF-8"?>
<!-- Generated by org.testng.reporters.JUnitReportReporter -->
<testsuite hostname="ZSCHN01LP0399" failures="0" tests="1" name="TestOne" time="25.269" errors="0" timestamp="2023-03-21T11:27:29 IST" skipped="0">
  <testcase classname="TestOne" name="Testing" time="25.269"/>
  <system-out>
    <![CDATA[STEP1]]>
  </system-out>
</testsuite> <!-- TestOne -->
